0 info it worked if it ends with ok
1 verbose cli [ '/home/ghi/.nvm/versions/v0.12.2/bin/node',
1 verbose cli   '/home/ghi/.nvm/versions/v0.12.2/bin/npm',
1 verbose cli   'install' ]
2 info using npm@2.7.4
3 info using node@v0.12.2
4 warn package.json ejemplo@1.1.0 No description
5 warn package.json ejemplo@1.1.0 No repository field.
6 warn package.json ejemplo@1.1.0 No README data
7 verbose install where, deps [ '/var/www/html/dev-Nodejs-sdk/ejemplo', [ 'todo-pago' ] ]
8 verbose install where, peers [ '/var/www/html/dev-Nodejs-sdk/ejemplo', [] ]
9 info preinstall ejemplo@1.1.0
10 silly cache add args [ 'todo-pago@1.1.0', null ]
11 verbose cache add spec todo-pago@1.1.0
12 silly cache add parsed spec { raw: 'todo-pago@1.1.0',
12 silly cache add   scope: null,
12 silly cache add   name: 'todo-pago',
12 silly cache add   rawSpec: '1.1.0',
12 silly cache add   spec: '1.1.0',
12 silly cache add   type: 'version' }
13 verbose addNamed todo-pago@1.1.0
14 silly addNamed semver.valid 1.1.0
15 silly addNamed semver.validRange 1.1.0
16 silly mapToRegistry name todo-pago
17 silly mapToRegistry using default registry
18 silly mapToRegistry registry https://registry.npmjs.org/
19 silly mapToRegistry uri https://registry.npmjs.org/todo-pago
20 verbose addNameVersion registry:https://registry.npmjs.org/todo-pago not in flight; fetching
21 verbose request uri https://registry.npmjs.org/todo-pago
22 verbose request no auth needed
23 info attempt registry request try #1 at 16:08:54
24 verbose request id 9ccf0234afbcbfb7
25 http request GET https://registry.npmjs.org/todo-pago
26 http 404 https://registry.npmjs.org/todo-pago
27 verbose headers { server: 'CouchDB/1.6.1 (Erlang OTP/R16B03)',
27 verbose headers   etag: '"CISKWL27ZVN0V1ZQUS9B1ZUXZ"',
27 verbose headers   'content-type': 'application/json',
27 verbose headers   'cache-control': 'max-age=0',
27 verbose headers   'content-length': '534',
27 verbose headers   'accept-ranges': 'bytes',
27 verbose headers   date: 'Thu, 30 Jun 2016 19:08:55 GMT',
27 verbose headers   via: '1.1 varnish',
27 verbose headers   age: '0',
27 verbose headers   connection: 'keep-alive',
27 verbose headers   'x-served-by': 'cache-jfk1024-JFK',
27 verbose headers   'x-cache': 'MISS',
27 verbose headers   'x-cache-hits': '0',
27 verbose headers   'x-timer': 'S1467313735.038274,VS0,VE102',
27 verbose headers   vary: 'Accept-Encoding' }
28 silly get cb [ 404,
28 silly get   { server: 'CouchDB/1.6.1 (Erlang OTP/R16B03)',
28 silly get     etag: '"CISKWL27ZVN0V1ZQUS9B1ZUXZ"',
28 silly get     'content-type': 'application/json',
28 silly get     'cache-control': 'max-age=0',
28 silly get     'content-length': '534',
28 silly get     'accept-ranges': 'bytes',
28 silly get     date: 'Thu, 30 Jun 2016 19:08:55 GMT',
28 silly get     via: '1.1 varnish',
28 silly get     age: '0',
28 silly get     connection: 'keep-alive',
28 silly get     'x-served-by': 'cache-jfk1024-JFK',
28 silly get     'x-cache': 'MISS',
28 silly get     'x-cache-hits': '0',
28 silly get     'x-timer': 'S1467313735.038274,VS0,VE102',
28 silly get     vary: 'Accept-Encoding' } ]
29 verbose stack Error: Registry returned 404 for GET on https://registry.npmjs.org/todo-pago
29 verbose stack     at CachingRegistryClient.<anonymous> (/home/ghi/.nvm/versions/v0.12.2/lib/node_modules/npm/node_modules/npm-registry-client/lib/request.js:239:14)
29 verbose stack     at Request._callback (/home/ghi/.nvm/versions/v0.12.2/lib/node_modules/npm/node_modules/npm-registry-client/lib/request.js:170:14)
29 verbose stack     at Request.self.callback (/home/ghi/.nvm/versions/v0.12.2/lib/node_modules/npm/node_modules/request/request.js:344:22)
29 verbose stack     at Request.emit (events.js:110:17)
29 verbose stack     at Request.<anonymous> (/home/ghi/.nvm/versions/v0.12.2/lib/node_modules/npm/node_modules/request/request.js:1239:14)
29 verbose stack     at Request.emit (events.js:129:20)
29 verbose stack     at IncomingMessage.<anonymous> (/home/ghi/.nvm/versions/v0.12.2/lib/node_modules/npm/node_modules/request/request.js:1187:12)
29 verbose stack     at IncomingMessage.emit (events.js:129:20)
29 verbose stack     at _stream_readable.js:908:16
29 verbose stack     at process._tickCallback (node.js:355:11)
30 verbose statusCode 404
31 verbose pkgid todo-pago
32 verbose cwd /var/www/html/dev-Nodejs-sdk/ejemplo
33 error Linux 4.2.0-35-generic
34 error argv "/home/ghi/.nvm/versions/v0.12.2/bin/node" "/home/ghi/.nvm/versions/v0.12.2/bin/npm" "install"
35 error node v0.12.2
36 error npm  v2.7.4
37 error code E404
38 error 404 Registry returned 404 for GET on https://registry.npmjs.org/todo-pago
38 error 404
38 error 404 'todo-pago' is not in the npm registry.
38 error 404 You should bug the author to publish it (or use the name yourself!)
38 error 404 It was specified as a dependency of 'ejemplo'
38 error 404
38 error 404 Note that you can also install from a
38 error 404 tarball, folder, http url, or git url.
39 verbose exit [ 1, true ]
